0 info it worked if it ends with ok
1 verbose cli [ '/usr/local/bin/node', '/usr/local/bin/npm', 'install' ]
2 info using npm@3.8.9
3 info using node@v5.5.0
4 silly loadCurrentTree Starting
5 silly install loadCurrentTree
6 silly install readLocalPackageData
7 silly rollbackFailedOptional Starting
8 silly rollbackFailedOptional Finishing
9 silly runTopLevelLifecycles Starting
10 silly runTopLevelLifecycles Finishing
11 silly install printInstalled
12 verbose stack Error: ENOENT: no such file or directory, stat '/Users/siddharthsharma/Documents/repos/angular-contact-manager/node_modules/karma'
12 verbose stack     at Error (native)
13 verbose cwd /Users/siddharthsharma/Documents/repos/angular-contact-manager
14 error Darwin 14.4.0
15 error argv "/usr/local/bin/node" "/usr/local/bin/npm" "install"
16 error node v5.5.0
17 error npm  v3.8.9
18 error path /Users/siddharthsharma/Documents/repos/angular-contact-manager/node_modules/karma
19 error code ENOENT
20 error errno -2
21 error syscall stat
22 error enoent ENOENT: no such file or directory, stat '/Users/siddharthsharma/Documents/repos/angular-contact-manager/node_modules/karma'
23 error enoent ENOENT: no such file or directory, stat '/Users/siddharthsharma/Documents/repos/angular-contact-manager/node_modules/karma'
23 error enoent This is most likely not a problem with npm itself
23 error enoent and is related to npm not being able to find a file.
24 verbose exit [ -2, true ]
